<?xml version="1.0" encoding="UTF-8"?>
<testsuite xmlns:xsi="http://www.w3.org/2001/XMLSchema-instance" xsi:noNamespaceSchemaLocation="https://maven.apache.org/surefire/maven-surefire-plugin/xsd/surefire-test-report-3.0.xsd" version="3.0" name="com.matcarv.app.business.ClienteBusinessImplTest" time="0.297" tests="5" errors="0" skipped="0" failures="0">
  <properties>
[...]
</properties>
  <testcase name="testInsertOrUpdateInsert" classname="com.matcarv.app.business.ClienteBusinessImplTest" time="0.184"/>
  <testcase name="testFindById" classname="com.matcarv.app.business.ClienteBusinessImplTest" time="0.001"/>
  <testcase name="testInsertOrUpdateUpdate" classname="com.matcarv.app.business.ClienteBusinessImplTest" time="0.104"/>
  <testcase name="testDeleteById" classname="com.matcarv.app.business.ClienteBusinessImplTest" time="0.002"/>
  <testcase name="testFindByCpf" classname="com.matcarv.app.business.ClienteBusinessImplTest" time="0.002"/>
</testsuite>